d:\vs documents\visual studio 2010\projects\vvcsoftware_vtm-vtm-7.1\build\source\app\rtmplayer\rtmplayer.dir\debug\vc141.pdb
d:\vs documents\visual studio 2010\projects\vvcsoftware_vtm-vtm-7.1\build\source\app\rtmplayer\rtmplayer.dir\debug\vc141.idb
d:\vs documents\visual studio 2010\projects\vvcsoftware_vtm-vtm-7.1\build\source\app\rtmplayer\rtmplayer.dir\debug\packet.obj
d:\vs documents\visual studio 2010\projects\vvcsoftware_vtm-vtm-7.1\build\source\app\rtmplayer\rtmplayer.dir\debug\main.obj
d:\vs documents\visual studio 2010\projects\vvcsoftware_vtm-vtm-7.1\build\source\app\rtmplayer\rtmplayer.dir\debug\decapp.obj
d:\vs documents\visual studio 2010\projects\vvcsoftware_vtm-vtm-7.1\build\source\app\rtmplayer\rtmplayer.dir\debug\encappcfg.obj
d:\vs documents\visual studio 2010\projects\vvcsoftware_vtm-vtm-7.1\build\source\app\rtmplayer\rtmplayer.dir\debug\decappcfg.obj
d:\vs documents\visual studio 2010\projects\vvcsoftware_vtm-vtm-7.1\build\source\app\rtmplayer\rtmplayer.dir\debug\rtmpwindow.obj
d:\vs documents\visual studio 2010\projects\vvcsoftware_vtm-vtm-7.1\build\source\app\rtmplayer\rtmplayer.dir\debug\vc142.pdb
d:\vs documents\visual studio 2010\projects\vvcsoftware_vtm-vtm-7.1\build\source\app\rtmplayer\rtmplayer.dir\debug\vc142.idb
d:\vs documents\visual studio 2010\projects\vvcsoftware_vtm-vtm-7.1\build\source\app\rtmplayer\rtmplayer.dir\debug\log.obj
d:\vs documents\visual studio 2010\projects\vvcsoftware_vtm-vtm-7.1\build\source\app\rtmplayer\rtmplayer.dir\debug\encapp.obj
d:\vs documents\visual studio 2010\projects\vvcsoftware_vtm-vtm-7.1\build\source\app\rtmplayer\rtmplayer.dir\debug\kwindow.obj
d:\vs documents\visual studio 2010\projects\vvcsoftware_vtm-vtm-7.1\build\source\app\rtmplayer\rtmplayer.dir\debug\ktoolbar.obj
d:\vs documents\visual studio 2010\projects\vvcsoftware_vtm-vtm-7.1\build\source\app\rtmplayer\rtmplayer.dir\debug\kbase.obj
d:\vs documents\visual studio 2010\projects\vvcsoftware_vtm-vtm-7.1\build\source\app\rtmplayer\rtmplayer.dir\debug\kutils.obj
d:\vs documents\visual studio 2010\projects\vvcsoftware_vtm-vtm-7.1\build\source\app\rtmplayer\rtmplayer.dir\debug\kmainwindow.obj
d:\vs documents\visual studio 2010\projects\vvcsoftware_vtm-vtm-7.1\build\source\app\rtmplayer\rtmplayer.dir\debug\stb_image.obj
d:\vs documents\visual studio 2010\projects\vvcsoftware_vtm-vtm-7.1\build\source\app\rtmplayer\rtmplayer.dir\debug\klabel.obj
d:\vs documents\visual studio 2010\projects\vvcsoftware_vtm-vtm-7.1\build\source\app\rtmplayer\rtmplayer.dir\debug\kmutex.obj
d:\vs documents\visual studio 2010\projects\vvcsoftware_vtm-vtm-7.1\build\source\app\rtmplayer\rtmplayer.dir\debug\kobject.obj
d:\vs documents\visual studio 2010\projects\vvcsoftware_vtm-vtm-7.1\build\source\app\rtmplayer\rtmplayer.dir\debug\krtmpwindow.obj
d:\vs documents\visual studio 2010\projects\vvcsoftware_vtm-vtm-7.1\bin\vs15\msvc-19.16\x86_64\debug\rtmplayer.exe
d:\vs documents\visual studio 2010\projects\vvcsoftware_vtm-vtm-7.1\bin\vs15\msvc-19.16\x86_64\debug\rtmplayer.ilk
d:\vs documents\visual studio 2010\projects\vvcsoftware_vtm-vtm-7.1\bin\vs15\msvc-19.16\x86_64\debug\rtmplayer.pdb
d:\vs documents\visual studio 2010\projects\vvcsoftware_vtm-vtm-7.1\build\source\app\rtmplayer\rtmplayer.dir\debug\rtmplayer.res
d:\vs documents\visual studio 2010\projects\vvcsoftware_vtm-vtm-7.1\build\source\app\rtmplayer\rtmplayer.dir\debug\vcpkg.applocal.log
d:\vs documents\visual studio 2010\projects\vvcsoftware_vtm-vtm-7.1\build\source\app\rtmplayer\rtmplayer.dir\debug\rtmplayer.tlog\cl.command.1.tlog
d:\vs documents\visual studio 2010\projects\vvcsoftware_vtm-vtm-7.1\build\source\app\rtmplayer\rtmplayer.dir\debug\rtmplayer.tlog\cl.read.1.tlog
d:\vs documents\visual studio 2010\projects\vvcsoftware_vtm-vtm-7.1\build\source\app\rtmplayer\rtmplayer.dir\debug\rtmplayer.tlog\cl.write.1.tlog
d:\vs documents\visual studio 2010\projects\vvcsoftware_vtm-vtm-7.1\build\source\app\rtmplayer\rtmplayer.dir\debug\rtmplayer.tlog\link-cvtres.read.1.tlog
d:\vs documents\visual studio 2010\projects\vvcsoftware_vtm-vtm-7.1\build\source\app\rtmplayer\rtmplayer.dir\debug\rtmplayer.tlog\link-cvtres.write.1.tlog
d:\vs documents\visual studio 2010\projects\vvcsoftware_vtm-vtm-7.1\build\source\app\rtmplayer\rtmplayer.dir\debug\rtmplayer.tlog\link-rc.read.1.tlog
d:\vs documents\visual studio 2010\projects\vvcsoftware_vtm-vtm-7.1\build\source\app\rtmplayer\rtmplayer.dir\debug\rtmplayer.tlog\link-rc.write.1.tlog
d:\vs documents\visual studio 2010\projects\vvcsoftware_vtm-vtm-7.1\build\source\app\rtmplayer\rtmplayer.dir\debug\rtmplayer.tlog\link.25336.read.1.tlog
d:\vs documents\visual studio 2010\projects\vvcsoftware_vtm-vtm-7.1\build\source\app\rtmplayer\rtmplayer.dir\debug\rtmplayer.tlog\link.25336.write.1.tlog
d:\vs documents\visual studio 2010\projects\vvcsoftware_vtm-vtm-7.1\build\source\app\rtmplayer\rtmplayer.dir\debug\rtmplayer.tlog\link.command.1.tlog
d:\vs documents\visual studio 2010\projects\vvcsoftware_vtm-vtm-7.1\build\source\app\rtmplayer\rtmplayer.dir\debug\rtmplayer.tlog\link.read.1.tlog
d:\vs documents\visual studio 2010\projects\vvcsoftware_vtm-vtm-7.1\build\source\app\rtmplayer\rtmplayer.dir\debug\rtmplayer.tlog\link.write.1.tlog
d:\vs documents\visual studio 2010\projects\vvcsoftware_vtm-vtm-7.1\build\source\app\rtmplayer\rtmplayer.dir\debug\rtmplayer.tlog\rc.command.1.tlog
d:\vs documents\visual studio 2010\projects\vvcsoftware_vtm-vtm-7.1\build\source\app\rtmplayer\rtmplayer.dir\debug\rtmplayer.tlog\rc.read.1.tlog
d:\vs documents\visual studio 2010\projects\vvcsoftware_vtm-vtm-7.1\build\source\app\rtmplayer\rtmplayer.dir\debug\rtmplayer.tlog\rc.write.1.tlog
d:\vs documents\visual studio 2010\projects\vvcsoftware_vtm-vtm-7.1\build\source\app\rtmplayer\rtmplayer.dir\debug\rtmplayer.tlog\rtmplayer.write.1u.tlog
